<?xml version="1.0" encoding="UTF-8"?>
<!-- Generated by org.testng.reporters.JUnitXMLReporter -->
<testsuite ignored="0" hostname="sabir" failures="0" tests="3" name="user-mike" time="9.011" errors="0" timestamp="2024-08-08T21:32:35 CEST">
  <testcase classname="com.sabir.tests.vendorportal.VendorPortalTest" name="loginTest" time="0.747"/>
  <testcase classname="com.sabir.tests.vendorportal.VendorPortalTest" name="dashboardTest" time="3.454"/>
  <testcase classname="com.sabir.tests.vendorportal.VendorPortalTest" name="logoutTest" time="0.747"/>
</testsuite> <!-- user-mike -->
