<?xml version="1.0" encoding="UTF-8"?>
<testng-results ignored="0" total="9" passed="9" failed="0" skipped="0">
  <reporter-output>
  </reporter-output>
  <suite started-at="2024-08-10T16:33:57 GMT" name="vendor-portal" finished-at="2024-08-10T16:34:08 GMT" duration-ms="10568">
    <groups>
    </groups>
    <test started-at="2024-08-10T16:33:57 GMT" name="user-mike" finished-at="2024-08-10T16:34:03 GMT" duration-ms="5226">
      <class name="com.sabir.tests.vendorportal.VendorPortalTest">
        <test-method is-config="true" signature="setDrive(org.testng.ITestContext)[pri:0, instance:com.sabir.tests.vendorportal.VendorPortalTest@4c60d6e9]" started-at="2024-08-10T16:33:57 GMT" name="setDrive" finished-at="2024-08-10T16:34:00 GMT" duration-ms="2173" status="PASS">
          <params>
            <param index="0">
              <value>
                <![CDATA[org.testng.TestRunner@169bb4dd]]>
              </value>
            </param>
          </params>
          <reporter-output>
          </reporter-output>
        </test-method> <!-- setDrive -->
        <test-method is-config="true" signature="setPageObject(java.lang.String)[pri:0, instance:com.sabir.tests.vendorportal.VendorPortalTest@4c60d6e9]" started-at="2024-08-10T16:34:00 GMT" name="setPageObject" finished-at="2024-08-10T16:34:00 GMT" depends-on-methods="com.sabir.tests.BaseTest.setDrive" duration-ms="112" status="PASS">
          <params>
            <param index="0">
              <value>
                <![CDATA[test-data/vendor-portal/mike.json]]>
              </value>
            </param>
          </params>
          <reporter-output>
          </reporter-output>
        </test-method> <!-- setPageObject -->
        <test-method signature="loginTest()[pri:1, instance:com.sabir.tests.vendorportal.VendorPortalTest@4c60d6e9]" started-at="2024-08-10T16:34:00 GMT" name="loginTest" finished-at="2024-08-10T16:34:01 GMT" duration-ms="1006" status="PASS">
          <reporter-output>
          </reporter-output>
        </test-method> <!-- loginTest -->
        <test-method signature="dashboardTest()[pri:0, instance:com.sabir.tests.vendorportal.VendorPortalTest@4c60d6e9]" started-at="2024-08-10T16:34:01 GMT" name="dashboardTest" finished-at="2024-08-10T16:34:01 GMT" depends-on-methods="com.sabir.tests.vendorportal.VendorPortalTest.loginTest" duration-ms="752" status="PASS">
          <reporter-output>
          </reporter-output>
        </test-method> <!-- dashboardTest -->
        <test-method signature="logoutTest()[pri:0, instance:com.sabir.tests.vendorportal.VendorPortalTest@4c60d6e9]" started-at="2024-08-10T16:34:01 GMT" name="logoutTest" finished-at="2024-08-10T16:34:02 GMT" depends-on-methods="com.sabir.tests.vendorportal.VendorPortalTest.dashboardTest" duration-ms="657" status="PASS">
          <reporter-output>
          </reporter-output>
        </test-method> <!-- logoutTest -->
        <test-method is-config="true" signature="tearDown()[pri:0, instance:com.sabir.tests.vendorportal.VendorPortalTest@4c60d6e9]" started-at="2024-08-10T16:34:02 GMT" name="tearDown" finished-at="2024-08-10T16:34:03 GMT" duration-ms="513" status="PASS">
          <reporter-output>
          </reporter-output>
        </test-method> <!-- tearDown -->
      </class> <!-- com.sabir.tests.vendorportal.VendorPortalTest -->
    </test> <!-- user-mike -->
    <test started-at="2024-08-10T16:33:57 GMT" name="user-sam" finished-at="2024-08-10T16:34:03 GMT" duration-ms="5906">
      <class name="com.sabir.tests.vendorportal.VendorPortalTest">
        <test-method is-config="true" signature="setDrive(org.testng.ITestContext)[pri:0, instance:com.sabir.tests.vendorportal.VendorPortalTest@5ab956d7]" started-at="2024-08-10T16:33:57 GMT" name="setDrive" finished-at="2024-08-10T16:34:00 GMT" duration-ms="2173" status="PASS">
          <params>
            <param index="0">
              <value>
                <![CDATA[org.testng.TestRunner@626abbd0]]>
              </value>
            </param>
          </params>
          <reporter-output>
          </reporter-output>
        </test-method> <!-- setDrive -->
        <test-method is-config="true" signature="setPageObject(java.lang.String)[pri:0, instance:com.sabir.tests.vendorportal.VendorPortalTest@5ab956d7]" started-at="2024-08-10T16:34:00 GMT" name="setPageObject" finished-at="2024-08-10T16:34:00 GMT" depends-on-methods="com.sabir.tests.BaseTest.setDrive" duration-ms="112" status="PASS">
          <params>
            <param index="0">
              <value>
                <![CDATA[test-data/vendor-portal/sam.json]]>
              </value>
            </param>
          </params>
          <reporter-output>
          </reporter-output>
        </test-method> <!-- setPageObject -->
        <test-method signature="loginTest()[pri:1, instance:com.sabir.tests.vendorportal.VendorPortalTest@5ab956d7]" started-at="2024-08-10T16:34:00 GMT" name="loginTest" finished-at="2024-08-10T16:34:01 GMT" duration-ms="1102" status="PASS">
          <reporter-output>
          </reporter-output>
        </test-method> <!-- loginTest -->
        <test-method signature="dashboardTest()[pri:0, instance:com.sabir.tests.vendorportal.VendorPortalTest@5ab956d7]" started-at="2024-08-10T16:34:01 GMT" name="dashboardTest" finished-at="2024-08-10T16:34:02 GMT" depends-on-methods="com.sabir.tests.vendorportal.VendorPortalTest.loginTest" duration-ms="1235" status="PASS">
          <reporter-output>
          </reporter-output>
        </test-method> <!-- dashboardTest -->
        <test-method signature="logoutTest()[pri:0, instance:com.sabir.tests.vendorportal.VendorPortalTest@5ab956d7]" started-at="2024-08-10T16:34:02 GMT" name="logoutTest" finished-at="2024-08-10T16:34:03 GMT" depends-on-methods="com.sabir.tests.vendorportal.VendorPortalTest.dashboardTest" duration-ms="673" status="PASS">
          <reporter-output>
          </reporter-output>
        </test-method> <!-- logoutTest -->
        <test-method is-config="true" signature="tearDown()[pri:0, instance:com.sabir.tests.vendorportal.VendorPortalTest@5ab956d7]" started-at="2024-08-10T16:34:03 GMT" name="tearDown" finished-at="2024-08-10T16:34:03 GMT" duration-ms="599" status="PASS">
          <reporter-output>
          </reporter-output>
        </test-method> <!-- tearDown -->
      </class> <!-- com.sabir.tests.vendorportal.VendorPortalTest -->
    </test> <!-- user-sam -->
    <test started-at="2024-08-10T16:34:03 GMT" name="user-john" finished-at="2024-08-10T16:34:08 GMT" duration-ms="5330">
      <class name="com.sabir.tests.vendorportal.VendorPortalTest">
        <test-method is-config="true" signature="setupConfig()[pri:0, instance:com.sabir.tests.vendorportal.VendorPortalTest@4a83a74a]" started-at="2024-08-10T16:33:57 GMT" name="setupConfig" finished-at="2024-08-10T16:33:57 GMT" duration-ms="7" status="PASS">
          <reporter-output>
          </reporter-output>
        </test-method> <!-- setupConfig -->
        <test-method is-config="true" signature="setDrive(org.testng.ITestContext)[pri:0, instance:com.sabir.tests.vendorportal.VendorPortalTest@4a83a74a]" started-at="2024-08-10T16:34:03 GMT" name="setDrive" finished-at="2024-08-10T16:34:04 GMT" duration-ms="1373" status="PASS">
          <params>
            <param index="0">
              <value>
                <![CDATA[org.testng.TestRunner@1f9e9475]]>
              </value>
            </param>
          </params>
          <reporter-output>
          </reporter-output>
        </test-method> <!-- setDrive -->
        <test-method is-config="true" signature="setPageObject(java.lang.String)[pri:0, instance:com.sabir.tests.vendorportal.VendorPortalTest@4a83a74a]" started-at="2024-08-10T16:34:04 GMT" name="setPageObject" finished-at="2024-08-10T16:34:04 GMT" depends-on-methods="com.sabir.tests.BaseTest.setDrive" duration-ms="2" status="PASS">
          <params>
            <param index="0">
              <value>
                <![CDATA[test-data/vendor-portal/john.json]]>
              </value>
            </param>
          </params>
          <reporter-output>
          </reporter-output>
        </test-method> <!-- setPageObject -->
        <test-method signature="loginTest()[pri:1, instance:com.sabir.tests.vendorportal.VendorPortalTest@4a83a74a]" started-at="2024-08-10T16:34:04 GMT" name="loginTest" finished-at="2024-08-10T16:34:05 GMT" duration-ms="879" status="PASS">
          <reporter-output>
          </reporter-output>
        </test-method> <!-- loginTest -->
        <test-method signature="dashboardTest()[pri:0, instance:com.sabir.tests.vendorportal.VendorPortalTest@4a83a74a]" started-at="2024-08-10T16:34:05 GMT" name="dashboardTest" finished-at="2024-08-10T16:34:07 GMT" depends-on-methods="com.sabir.tests.vendorportal.VendorPortalTest.loginTest" duration-ms="1802" status="PASS">
          <reporter-output>
          </reporter-output>
        </test-method> <!-- dashboardTest -->
        <test-method signature="logoutTest()[pri:0, instance:com.sabir.tests.vendorportal.VendorPortalTest@4a83a74a]" started-at="2024-08-10T16:34:07 GMT" name="logoutTest" finished-at="2024-08-10T16:34:07 GMT" depends-on-methods="com.sabir.tests.vendorportal.VendorPortalTest.dashboardTest" duration-ms="683" status="PASS">
          <reporter-output>
          </reporter-output>
        </test-method> <!-- logoutTest -->
        <test-method is-config="true" signature="tearDown()[pri:0, instance:com.sabir.tests.vendorportal.VendorPortalTest@4a83a74a]" started-at="2024-08-10T16:34:07 GMT" name="tearDown" finished-at="2024-08-10T16:34:08 GMT" duration-ms="589" status="PASS">
          <reporter-output>
          </reporter-output>
        </test-method> <!-- tearDown -->
      </class> <!-- com.sabir.tests.vendorportal.VendorPortalTest -->
    </test> <!-- user-john -->
  </suite> <!-- vendor-portal -->
</testng-results>
