<?xml version="1.0" encoding="UTF-8"?>
<testng-results ignored="0" total="15" passed="15" failed="0" skipped="0">
  <reporter-output>
  </reporter-output>
  <suite started-at="2024-08-10T16:33:57 GMT" name="flight-reservation" finished-at="2024-08-10T16:34:14 GMT" duration-ms="16300">
    <groups>
    </groups>
    <test started-at="2024-08-10T16:33:57 GMT" name="passengers-count-1" finished-at="2024-08-10T16:34:07 GMT" duration-ms="9685">
      <class name="com.sabir.tests.flightreservation.FlightReservationTest">
        <test-method is-config="true" signature="setDrive(org.testng.ITestContext)[pri:0, instance:com.sabir.tests.flightreservation.FlightReservationTest@1a6d8329]" started-at="2024-08-10T16:33:57 GMT" name="setDrive" finished-at="2024-08-10T16:33:58 GMT" duration-ms="775" status="PASS">
          <params>
            <param index="0">
              <value>
                <![CDATA[org.testng.TestRunner@1b919693]]>
              </value>
            </param>
          </params>
          <reporter-output>
          </reporter-output>
        </test-method> <!-- setDrive -->
        <test-method is-config="true" signature="setPageObjects(java.lang.String)[pri:0, instance:com.sabir.tests.flightreservation.FlightReservationTest@1a6d8329]" started-at="2024-08-10T16:33:58 GMT" name="setPageObjects" finished-at="2024-08-10T16:33:58 GMT" depends-on-methods="com.sabir.tests.BaseTest.setDrive" duration-ms="99" status="PASS">
          <params>
            <param index="0">
              <value>
                <![CDATA[test-data/flight-reservation/passenger-1.json]]>
              </value>
            </param>
          </params>
          <reporter-output>
          </reporter-output>
        </test-method> <!-- setPageObjects -->
        <test-method signature="userRegistrationTest()[pri:1, instance:com.sabir.tests.flightreservation.FlightReservationTest@1a6d8329]" started-at="2024-08-10T16:33:58 GMT" name="userRegistrationTest" finished-at="2024-08-10T16:33:59 GMT" duration-ms="1115" status="PASS">
          <reporter-output>
          </reporter-output>
        </test-method> <!-- userRegistrationTest -->
        <test-method signature="registrationConfirmationTest()[pri:0, instance:com.sabir.tests.flightreservation.FlightReservationTest@1a6d8329]" started-at="2024-08-10T16:33:59 GMT" name="registrationConfirmationTest" finished-at="2024-08-10T16:34:02 GMT" depends-on-methods="com.sabir.tests.flightreservation.FlightReservationTest.userRegistrationTest" duration-ms="2289" status="PASS">
          <reporter-output>
          </reporter-output>
        </test-method> <!-- registrationConfirmationTest -->
        <test-method signature="flightSearchTest()[pri:0, instance:com.sabir.tests.flightreservation.FlightReservationTest@1a6d8329]" started-at="2024-08-10T16:34:02 GMT" name="flightSearchTest" finished-at="2024-08-10T16:34:04 GMT" depends-on-methods="com.sabir.tests.flightreservation.FlightReservationTest.registrationConfirmationTest" duration-ms="2307" status="PASS">
          <reporter-output>
          </reporter-output>
        </test-method> <!-- flightSearchTest -->
        <test-method signature="flightsSelectionTest()[pri:0, instance:com.sabir.tests.flightreservation.FlightReservationTest@1a6d8329]" started-at="2024-08-10T16:34:04 GMT" name="flightsSelectionTest" finished-at="2024-08-10T16:34:05 GMT" depends-on-methods="com.sabir.tests.flightreservation.FlightReservationTest.flightSearchTest" duration-ms="1270" status="PASS">
          <reporter-output>
          </reporter-output>
        </test-method> <!-- flightsSelectionTest -->
        <test-method signature="flightConfirmationTest()[pri:0, instance:com.sabir.tests.flightreservation.FlightReservationTest@1a6d8329]" started-at="2024-08-10T16:34:05 GMT" name="flightConfirmationTest" finished-at="2024-08-10T16:34:07 GMT" depends-on-methods="com.sabir.tests.flightreservation.FlightReservationTest.flightsSelectionTest" duration-ms="1731" status="PASS">
          <reporter-output>
          </reporter-output>
        </test-method> <!-- flightConfirmationTest -->
        <test-method is-config="true" signature="tearDown()[pri:0, instance:com.sabir.tests.flightreservation.FlightReservationTest@1a6d8329]" started-at="2024-08-10T16:34:07 GMT" name="tearDown" finished-at="2024-08-10T16:34:07 GMT" duration-ms="83" status="PASS">
          <reporter-output>
          </reporter-output>
        </test-method> <!-- tearDown -->
      </class> <!-- com.sabir.tests.flightreservation.FlightReservationTest -->
    </test> <!-- passengers-count-1 -->
    <test started-at="2024-08-10T16:33:57 GMT" name="passengers-count-2" finished-at="2024-08-10T16:34:08 GMT" duration-ms="10718">
      <class name="com.sabir.tests.flightreservation.FlightReservationTest">
        <test-method is-config="true" signature="setDrive(org.testng.ITestContext)[pri:0, instance:com.sabir.tests.flightreservation.FlightReservationTest@33065d67]" started-at="2024-08-10T16:33:57 GMT" name="setDrive" finished-at="2024-08-10T16:33:58 GMT" duration-ms="775" status="PASS">
          <params>
            <param index="0">
              <value>
                <![CDATA[org.testng.TestRunner@7fb4f2a9]]>
              </value>
            </param>
          </params>
          <reporter-output>
          </reporter-output>
        </test-method> <!-- setDrive -->
        <test-method is-config="true" signature="setPageObjects(java.lang.String)[pri:0, instance:com.sabir.tests.flightreservation.FlightReservationTest@33065d67]" started-at="2024-08-10T16:33:58 GMT" name="setPageObjects" finished-at="2024-08-10T16:33:58 GMT" depends-on-methods="com.sabir.tests.BaseTest.setDrive" duration-ms="99" status="PASS">
          <params>
            <param index="0">
              <value>
                <![CDATA[test-data/flight-reservation/passenger-2.json]]>
              </value>
            </param>
          </params>
          <reporter-output>
          </reporter-output>
        </test-method> <!-- setPageObjects -->
        <test-method signature="userRegistrationTest()[pri:1, instance:com.sabir.tests.flightreservation.FlightReservationTest@33065d67]" started-at="2024-08-10T16:33:58 GMT" name="userRegistrationTest" finished-at="2024-08-10T16:33:59 GMT" duration-ms="1116" status="PASS">
          <reporter-output>
          </reporter-output>
        </test-method> <!-- userRegistrationTest -->
        <test-method signature="registrationConfirmationTest()[pri:0, instance:com.sabir.tests.flightreservation.FlightReservationTest@33065d67]" started-at="2024-08-10T16:33:59 GMT" name="registrationConfirmationTest" finished-at="2024-08-10T16:34:02 GMT" depends-on-methods="com.sabir.tests.flightreservation.FlightReservationTest.userRegistrationTest" duration-ms="2284" status="PASS">
          <reporter-output>
          </reporter-output>
        </test-method> <!-- registrationConfirmationTest -->
        <test-method signature="flightSearchTest()[pri:0, instance:com.sabir.tests.flightreservation.FlightReservationTest@33065d67]" started-at="2024-08-10T16:34:02 GMT" name="flightSearchTest" finished-at="2024-08-10T16:34:04 GMT" depends-on-methods="com.sabir.tests.flightreservation.FlightReservationTest.registrationConfirmationTest" duration-ms="2326" status="PASS">
          <reporter-output>
          </reporter-output>
        </test-method> <!-- flightSearchTest -->
        <test-method signature="flightsSelectionTest()[pri:0, instance:com.sabir.tests.flightreservation.FlightReservationTest@33065d67]" started-at="2024-08-10T16:34:04 GMT" name="flightsSelectionTest" finished-at="2024-08-10T16:34:06 GMT" depends-on-methods="com.sabir.tests.flightreservation.FlightReservationTest.flightSearchTest" duration-ms="2384" status="PASS">
          <reporter-output>
          </reporter-output>
        </test-method> <!-- flightsSelectionTest -->
        <test-method signature="flightConfirmationTest()[pri:0, instance:com.sabir.tests.flightreservation.FlightReservationTest@33065d67]" started-at="2024-08-10T16:34:06 GMT" name="flightConfirmationTest" finished-at="2024-08-10T16:34:08 GMT" depends-on-methods="com.sabir.tests.flightreservation.FlightReservationTest.flightsSelectionTest" duration-ms="1644" status="PASS">
          <reporter-output>
          </reporter-output>
        </test-method> <!-- flightConfirmationTest -->
        <test-method is-config="true" signature="tearDown()[pri:0, instance:com.sabir.tests.flightreservation.FlightReservationTest@33065d67]" started-at="2024-08-10T16:34:08 GMT" name="tearDown" finished-at="2024-08-10T16:34:08 GMT" duration-ms="75" status="PASS">
          <reporter-output>
          </reporter-output>
        </test-method> <!-- tearDown -->
      </class> <!-- com.sabir.tests.flightreservation.FlightReservationTest -->
    </test> <!-- passengers-count-2 -->
    <test started-at="2024-08-10T16:34:07 GMT" name="passengers-count-3" finished-at="2024-08-10T16:34:14 GMT" duration-ms="6602">
      <class name="com.sabir.tests.flightreservation.FlightReservationTest">
        <test-method is-config="true" signature="setupConfig()[pri:0, instance:com.sabir.tests.flightreservation.FlightReservationTest@7bba5817]" started-at="2024-08-10T16:33:57 GMT" name="setupConfig" finished-at="2024-08-10T16:33:57 GMT" duration-ms="9" status="PASS">
          <reporter-output>
          </reporter-output>
        </test-method> <!-- setupConfig -->
        <test-method is-config="true" signature="setDrive(org.testng.ITestContext)[pri:0, instance:com.sabir.tests.flightreservation.FlightReservationTest@7bba5817]" started-at="2024-08-10T16:34:07 GMT" name="setDrive" finished-at="2024-08-10T16:34:07 GMT" duration-ms="290" status="PASS">
          <params>
            <param index="0">
              <value>
                <![CDATA[org.testng.TestRunner@4dc27487]]>
              </value>
            </param>
          </params>
          <reporter-output>
          </reporter-output>
        </test-method> <!-- setDrive -->
        <test-method is-config="true" signature="setPageObjects(java.lang.String)[pri:0, instance:com.sabir.tests.flightreservation.FlightReservationTest@7bba5817]" started-at="2024-08-10T16:34:07 GMT" name="setPageObjects" finished-at="2024-08-10T16:34:07 GMT" depends-on-methods="com.sabir.tests.BaseTest.setDrive" duration-ms="2" status="PASS">
          <params>
            <param index="0">
              <value>
                <![CDATA[test-data/flight-reservation/passenger-3.json]]>
              </value>
            </param>
          </params>
          <reporter-output>
          </reporter-output>
        </test-method> <!-- setPageObjects -->
        <test-method signature="userRegistrationTest()[pri:1, instance:com.sabir.tests.flightreservation.FlightReservationTest@7bba5817]" started-at="2024-08-10T16:34:07 GMT" name="userRegistrationTest" finished-at="2024-08-10T16:34:08 GMT" duration-ms="785" status="PASS">
          <reporter-output>
          </reporter-output>
        </test-method> <!-- userRegistrationTest -->
        <test-method signature="registrationConfirmationTest()[pri:0, instance:com.sabir.tests.flightreservation.FlightReservationTest@7bba5817]" started-at="2024-08-10T16:34:08 GMT" name="registrationConfirmationTest" finished-at="2024-08-10T16:34:09 GMT" depends-on-methods="com.sabir.tests.flightreservation.FlightReservationTest.userRegistrationTest" duration-ms="1242" status="PASS">
          <reporter-output>
          </reporter-output>
        </test-method> <!-- registrationConfirmationTest -->
        <test-method signature="flightSearchTest()[pri:0, instance:com.sabir.tests.flightreservation.FlightReservationTest@7bba5817]" started-at="2024-08-10T16:34:09 GMT" name="flightSearchTest" finished-at="2024-08-10T16:34:12 GMT" depends-on-methods="com.sabir.tests.flightreservation.FlightReservationTest.registrationConfirmationTest" duration-ms="2352" status="PASS">
          <reporter-output>
          </reporter-output>
        </test-method> <!-- flightSearchTest -->
        <test-method signature="flightsSelectionTest()[pri:0, instance:com.sabir.tests.flightreservation.FlightReservationTest@7bba5817]" started-at="2024-08-10T16:34:12 GMT" name="flightsSelectionTest" finished-at="2024-08-10T16:34:12 GMT" depends-on-methods="com.sabir.tests.flightreservation.FlightReservationTest.flightSearchTest" duration-ms="689" status="PASS">
          <reporter-output>
          </reporter-output>
        </test-method> <!-- flightsSelectionTest -->
        <test-method signature="flightConfirmationTest()[pri:0, instance:com.sabir.tests.flightreservation.FlightReservationTest@7bba5817]" started-at="2024-08-10T16:34:12 GMT" name="flightConfirmationTest" finished-at="2024-08-10T16:34:14 GMT" depends-on-methods="com.sabir.tests.flightreservation.FlightReservationTest.flightsSelectionTest" duration-ms="1155" status="PASS">
          <reporter-output>
          </reporter-output>
        </test-method> <!-- flightConfirmationTest -->
        <test-method is-config="true" signature="tearDown()[pri:0, instance:com.sabir.tests.flightreservation.FlightReservationTest@7bba5817]" started-at="2024-08-10T16:34:14 GMT" name="tearDown" finished-at="2024-08-10T16:34:14 GMT" duration-ms="82" status="PASS">
          <reporter-output>
          </reporter-output>
        </test-method> <!-- tearDown -->
      </class> <!-- com.sabir.tests.flightreservation.FlightReservationTest -->
    </test> <!-- passengers-count-3 -->
  </suite> <!-- flight-reservation -->
</testng-results>
