<?xml version="1.0" encoding="UTF-8"?>
<testng-results ignored="0" total="15" passed="15" failed="0" skipped="0">
  <reporter-output>
  </reporter-output>
  <suite started-at="2024-08-08T21:32:54 CEST" name="flight-reservation" finished-at="2024-08-08T21:33:04 CEST" duration-ms="10158">
    <groups>
    </groups>
    <test started-at="2024-08-08T21:32:54 CEST" name="passengers-count-2" finished-at="2024-08-08T21:33:02 CEST" duration-ms="8233">
      <class name="com.sabir.tests.flightreservation.FlightReservationTest">
        <test-method is-config="true" signature="setDrive(org.testng.ITestContext)[pri:0, instance:com.sabir.tests.flightreservation.FlightReservationTest@548e6d58]" started-at="2024-08-08T21:32:54 CEST" name="setDrive" finished-at="2024-08-08T21:32:55 CEST" duration-ms="950" status="PASS">
          <params>
            <param index="0">
              <value>
                <![CDATA[org.testng.TestRunner@73700b80]]>
              </value>
            </param>
          </params>
          <reporter-output>
          </reporter-output>
        </test-method> <!-- setDrive -->
        <test-method is-config="true" signature="setPageObjects(java.lang.String)[pri:0, instance:com.sabir.tests.flightreservation.FlightReservationTest@548e6d58]" started-at="2024-08-08T21:32:55 CEST" name="setPageObjects" finished-at="2024-08-08T21:32:55 CEST" depends-on-methods="com.sabir.tests.BaseTest.setDrive" duration-ms="149" status="PASS">
          <params>
            <param index="0">
              <value>
                <![CDATA[test-data/flight-reservation/passenger-2.json]]>
              </value>
            </param>
          </params>
          <reporter-output>
          </reporter-output>
        </test-method> <!-- setPageObjects -->
        <test-method signature="userRegistrationTest()[pri:1, instance:com.sabir.tests.flightreservation.FlightReservationTest@548e6d58]" started-at="2024-08-08T21:32:55 CEST" name="userRegistrationTest" finished-at="2024-08-08T21:32:56 CEST" duration-ms="1150" status="PASS">
          <reporter-output>
          </reporter-output>
        </test-method> <!-- userRegistrationTest -->
        <test-method signature="registrationConfirmationTest()[pri:0, instance:com.sabir.tests.flightreservation.FlightReservationTest@548e6d58]" started-at="2024-08-08T21:32:56 CEST" name="registrationConfirmationTest" finished-at="2024-08-08T21:32:58 CEST" depends-on-methods="com.sabir.tests.flightreservation.FlightReservationTest.userRegistrationTest" duration-ms="1680" status="PASS">
          <reporter-output>
          </reporter-output>
        </test-method> <!-- registrationConfirmationTest -->
        <test-method signature="flightSearchTest()[pri:0, instance:com.sabir.tests.flightreservation.FlightReservationTest@548e6d58]" started-at="2024-08-08T21:32:58 CEST" name="flightSearchTest" finished-at="2024-08-08T21:32:59 CEST" depends-on-methods="com.sabir.tests.flightreservation.FlightReservationTest.registrationConfirmationTest" duration-ms="722" status="PASS">
          <reporter-output>
          </reporter-output>
        </test-method> <!-- flightSearchTest -->
        <test-method signature="flightsSelectionTest()[pri:0, instance:com.sabir.tests.flightreservation.FlightReservationTest@548e6d58]" started-at="2024-08-08T21:32:59 CEST" name="flightsSelectionTest" finished-at="2024-08-08T21:33:01 CEST" depends-on-methods="com.sabir.tests.flightreservation.FlightReservationTest.flightSearchTest" duration-ms="1800" status="PASS">
          <reporter-output>
          </reporter-output>
        </test-method> <!-- flightsSelectionTest -->
        <test-method signature="flightConfirmationTest()[pri:0, instance:com.sabir.tests.flightreservation.FlightReservationTest@548e6d58]" started-at="2024-08-08T21:33:01 CEST" name="flightConfirmationTest" finished-at="2024-08-08T21:33:02 CEST" depends-on-methods="com.sabir.tests.flightreservation.FlightReservationTest.flightsSelectionTest" duration-ms="1679" status="PASS">
          <reporter-output>
          </reporter-output>
        </test-method> <!-- flightConfirmationTest -->
        <test-method is-config="true" signature="tearDown()[pri:0, instance:com.sabir.tests.flightreservation.FlightReservationTest@548e6d58]" started-at="2024-08-08T21:33:02 CEST" name="tearDown" finished-at="2024-08-08T21:33:02 CEST" duration-ms="72" status="PASS">
          <reporter-output>
          </reporter-output>
        </test-method> <!-- tearDown -->
      </class> <!-- com.sabir.tests.flightreservation.FlightReservationTest -->
    </test> <!-- passengers-count-2 -->
    <test started-at="2024-08-08T21:32:54 CEST" name="passengers-count-3" finished-at="2024-08-08T21:33:04 CEST" duration-ms="9583">
      <class name="com.sabir.tests.flightreservation.FlightReservationTest">
        <test-method is-config="true" signature="setupConfig()[pri:0, instance:com.sabir.tests.flightreservation.FlightReservationTest@a1cdc6d]" started-at="2024-08-08T21:32:54 CEST" name="setupConfig" finished-at="2024-08-08T21:32:54 CEST" duration-ms="6" status="PASS">
          <reporter-output>
          </reporter-output>
        </test-method> <!-- setupConfig -->
        <test-method is-config="true" signature="setDrive(org.testng.ITestContext)[pri:0, instance:com.sabir.tests.flightreservation.FlightReservationTest@a1cdc6d]" started-at="2024-08-08T21:32:54 CEST" name="setDrive" finished-at="2024-08-08T21:32:55 CEST" duration-ms="951" status="PASS">
          <params>
            <param index="0">
              <value>
                <![CDATA[org.testng.TestRunner@3d5c822d]]>
              </value>
            </param>
          </params>
          <reporter-output>
          </reporter-output>
        </test-method> <!-- setDrive -->
        <test-method is-config="true" signature="setPageObjects(java.lang.String)[pri:0, instance:com.sabir.tests.flightreservation.FlightReservationTest@a1cdc6d]" started-at="2024-08-08T21:32:55 CEST" name="setPageObjects" finished-at="2024-08-08T21:32:55 CEST" depends-on-methods="com.sabir.tests.BaseTest.setDrive" duration-ms="149" status="PASS">
          <params>
            <param index="0">
              <value>
                <![CDATA[test-data/flight-reservation/passenger-3.json]]>
              </value>
            </param>
          </params>
          <reporter-output>
          </reporter-output>
        </test-method> <!-- setPageObjects -->
        <test-method signature="userRegistrationTest()[pri:1, instance:com.sabir.tests.flightreservation.FlightReservationTest@a1cdc6d]" started-at="2024-08-08T21:32:55 CEST" name="userRegistrationTest" finished-at="2024-08-08T21:32:56 CEST" duration-ms="1114" status="PASS">
          <reporter-output>
          </reporter-output>
        </test-method> <!-- userRegistrationTest -->
        <test-method signature="registrationConfirmationTest()[pri:0, instance:com.sabir.tests.flightreservation.FlightReservationTest@a1cdc6d]" started-at="2024-08-08T21:32:56 CEST" name="registrationConfirmationTest" finished-at="2024-08-08T21:32:59 CEST" depends-on-methods="com.sabir.tests.flightreservation.FlightReservationTest.userRegistrationTest" duration-ms="2184" status="PASS">
          <reporter-output>
          </reporter-output>
        </test-method> <!-- registrationConfirmationTest -->
        <test-method signature="flightSearchTest()[pri:0, instance:com.sabir.tests.flightreservation.FlightReservationTest@a1cdc6d]" started-at="2024-08-08T21:32:59 CEST" name="flightSearchTest" finished-at="2024-08-08T21:33:00 CEST" depends-on-methods="com.sabir.tests.flightreservation.FlightReservationTest.registrationConfirmationTest" duration-ms="1725" status="PASS">
          <reporter-output>
          </reporter-output>
        </test-method> <!-- flightSearchTest -->
        <test-method signature="flightsSelectionTest()[pri:0, instance:com.sabir.tests.flightreservation.FlightReservationTest@a1cdc6d]" started-at="2024-08-08T21:33:00 CEST" name="flightsSelectionTest" finished-at="2024-08-08T21:33:03 CEST" depends-on-methods="com.sabir.tests.flightreservation.FlightReservationTest.flightSearchTest" duration-ms="2249" status="PASS">
          <reporter-output>
          </reporter-output>
        </test-method> <!-- flightsSelectionTest -->
        <test-method signature="flightConfirmationTest()[pri:0, instance:com.sabir.tests.flightreservation.FlightReservationTest@a1cdc6d]" started-at="2024-08-08T21:33:03 CEST" name="flightConfirmationTest" finished-at="2024-08-08T21:33:04 CEST" depends-on-methods="com.sabir.tests.flightreservation.FlightReservationTest.flightsSelectionTest" duration-ms="1111" status="PASS">
          <reporter-output>
          </reporter-output>
        </test-method> <!-- flightConfirmationTest -->
        <test-method is-config="true" signature="tearDown()[pri:0, instance:com.sabir.tests.flightreservation.FlightReservationTest@a1cdc6d]" started-at="2024-08-08T21:33:04 CEST" name="tearDown" finished-at="2024-08-08T21:33:04 CEST" duration-ms="68" status="PASS">
          <reporter-output>
          </reporter-output>
        </test-method> <!-- tearDown -->
      </class> <!-- com.sabir.tests.flightreservation.FlightReservationTest -->
    </test> <!-- passengers-count-3 -->
    <test started-at="2024-08-08T21:32:54 CEST" name="passengers-count-1" finished-at="2024-08-08T21:33:04 CEST" duration-ms="10158">
      <class name="com.sabir.tests.flightreservation.FlightReservationTest">
        <test-method is-config="true" signature="setDrive(org.testng.ITestContext)[pri:0, instance:com.sabir.tests.flightreservation.FlightReservationTest@58a9760d]" started-at="2024-08-08T21:32:54 CEST" name="setDrive" finished-at="2024-08-08T21:32:55 CEST" duration-ms="950" status="PASS">
          <params>
            <param index="0">
              <value>
                <![CDATA[org.testng.TestRunner@6f46426d]]>
              </value>
            </param>
          </params>
          <reporter-output>
          </reporter-output>
        </test-method> <!-- setDrive -->
        <test-method is-config="true" signature="setPageObjects(java.lang.String)[pri:0, instance:com.sabir.tests.flightreservation.FlightReservationTest@58a9760d]" started-at="2024-08-08T21:32:55 CEST" name="setPageObjects" finished-at="2024-08-08T21:32:55 CEST" depends-on-methods="com.sabir.tests.BaseTest.setDrive" duration-ms="149" status="PASS">
          <params>
            <param index="0">
              <value>
                <![CDATA[test-data/flight-reservation/passenger-1.json]]>
              </value>
            </param>
          </params>
          <reporter-output>
          </reporter-output>
        </test-method> <!-- setPageObjects -->
        <test-method signature="userRegistrationTest()[pri:1, instance:com.sabir.tests.flightreservation.FlightReservationTest@58a9760d]" started-at="2024-08-08T21:32:55 CEST" name="userRegistrationTest" finished-at="2024-08-08T21:32:56 CEST" duration-ms="1119" status="PASS">
          <reporter-output>
          </reporter-output>
        </test-method> <!-- userRegistrationTest -->
        <test-method signature="registrationConfirmationTest()[pri:0, instance:com.sabir.tests.flightreservation.FlightReservationTest@58a9760d]" started-at="2024-08-08T21:32:56 CEST" name="registrationConfirmationTest" finished-at="2024-08-08T21:32:59 CEST" depends-on-methods="com.sabir.tests.flightreservation.FlightReservationTest.userRegistrationTest" duration-ms="2184" status="PASS">
          <reporter-output>
          </reporter-output>
        </test-method> <!-- registrationConfirmationTest -->
        <test-method signature="flightSearchTest()[pri:0, instance:com.sabir.tests.flightreservation.FlightReservationTest@58a9760d]" started-at="2024-08-08T21:32:59 CEST" name="flightSearchTest" finished-at="2024-08-08T21:33:01 CEST" depends-on-methods="com.sabir.tests.flightreservation.FlightReservationTest.registrationConfirmationTest" duration-ms="2259" status="PASS">
          <reporter-output>
          </reporter-output>
        </test-method> <!-- flightSearchTest -->
        <test-method signature="flightsSelectionTest()[pri:0, instance:com.sabir.tests.flightreservation.FlightReservationTest@58a9760d]" started-at="2024-08-08T21:33:01 CEST" name="flightsSelectionTest" finished-at="2024-08-08T21:33:02 CEST" depends-on-methods="com.sabir.tests.flightreservation.FlightReservationTest.flightSearchTest" duration-ms="1182" status="PASS">
          <reporter-output>
          </reporter-output>
        </test-method> <!-- flightsSelectionTest -->
        <test-method signature="flightConfirmationTest()[pri:0, instance:com.sabir.tests.flightreservation.FlightReservationTest@58a9760d]" started-at="2024-08-08T21:33:02 CEST" name="flightConfirmationTest" finished-at="2024-08-08T21:33:04 CEST" depends-on-methods="com.sabir.tests.flightreservation.FlightReservationTest.flightsSelectionTest" duration-ms="2218" status="PASS">
          <reporter-output>
          </reporter-output>
        </test-method> <!-- flightConfirmationTest -->
        <test-method is-config="true" signature="tearDown()[pri:0, instance:com.sabir.tests.flightreservation.FlightReservationTest@58a9760d]" started-at="2024-08-08T21:33:04 CEST" name="tearDown" finished-at="2024-08-08T21:33:04 CEST" duration-ms="69" status="PASS">
          <reporter-output>
          </reporter-output>
        </test-method> <!-- tearDown -->
      </class> <!-- com.sabir.tests.flightreservation.FlightReservationTest -->
    </test> <!-- passengers-count-1 -->
  </suite> <!-- flight-reservation -->
</testng-results>
