<?xml version="1.0" encoding="UTF-8"?>
<!-- Generated by org.testng.reporters.JUnitXMLReporter -->
<testsuite ignored="0" hostname="sabir" failures="0" tests="5" name="passengers-count-2" time="8.233" errors="0" timestamp="2024-08-08T21:33:02 CEST">
  <testcase classname="com.sabir.tests.flightreservation.FlightReservationTest" name="userRegistrationTest" time="1.15"/>
  <testcase classname="com.sabir.tests.flightreservation.FlightReservationTest" name="registrationConfirmationTest" time="1.68"/>
  <testcase classname="com.sabir.tests.flightreservation.FlightReservationTest" name="flightSearchTest" time="0.722"/>
  <testcase classname="com.sabir.tests.flightreservation.FlightReservationTest" name="flightsSelectionTest" time="1.8"/>
  <testcase classname="com.sabir.tests.flightreservation.FlightReservationTest" name="flightConfirmationTest" time="1.679"/>
</testsuite> <!-- passengers-count-2 -->
