<?xml version="1.0" encoding="UTF-8"?>
<!-- Generated by org.testng.reporters.JUnitXMLReporter -->
<testsuite ignored="0" hostname="sabir" failures="0" tests="5" name="passengers-count-3" time="9.583" errors="0" timestamp="2024-08-08T21:33:04 CEST">
  <testcase classname="com.sabir.tests.flightreservation.FlightReservationTest" name="userRegistrationTest" time="1.114"/>
  <testcase classname="com.sabir.tests.flightreservation.FlightReservationTest" name="registrationConfirmationTest" time="2.184"/>
  <testcase classname="com.sabir.tests.flightreservation.FlightReservationTest" name="flightSearchTest" time="1.725"/>
  <testcase classname="com.sabir.tests.flightreservation.FlightReservationTest" name="flightsSelectionTest" time="2.249"/>
  <testcase classname="com.sabir.tests.flightreservation.FlightReservationTest" name="flightConfirmationTest" time="1.111"/>
</testsuite> <!-- passengers-count-3 -->
