<?xml version="1.0" encoding="UTF-8"?>
<!-- Generated by org.testng.reporters.JUnitXMLReporter -->
<testsuite ignored="0" hostname="sabir" failures="0" tests="5" name="passengers-count-1" time="10.158" errors="0" timestamp="2024-08-08T21:33:04 CEST">
  <testcase classname="com.sabir.tests.flightreservation.FlightReservationTest" name="userRegistrationTest" time="1.119"/>
  <testcase classname="com.sabir.tests.flightreservation.FlightReservationTest" name="registrationConfirmationTest" time="2.184"/>
  <testcase classname="com.sabir.tests.flightreservation.FlightReservationTest" name="flightSearchTest" time="2.259"/>
  <testcase classname="com.sabir.tests.flightreservation.FlightReservationTest" name="flightsSelectionTest" time="1.182"/>
  <testcase classname="com.sabir.tests.flightreservation.FlightReservationTest" name="flightConfirmationTest" time="2.218"/>
</testsuite> <!-- passengers-count-1 -->
